  Source.cpp
c:\visual studio\265-particles\ParticleSystem.h(66): warning C4244: 'initializing': conversion from 'int' to 'float', possible loss of data
c:\visual studio\265-particles\ParticleSystem.h(25): warning C4244: '=': conversion from 'float' to 'sf::Uint8', possible loss of data
c:\visual studio\265-particles\ParticleSystem.h(75): warning C4244: 'initializing': conversion from 'double' to 'float', possible loss of data
c:\visual studio\265-particles\ParticleSystem.h(83): warning C4244: 'initializing': conversion from 'double' to 'float', possible loss of data
c:\visual studio\265-particles\ParticleSystem2.h(73): warning C4244: 'initializing': conversion from 'int' to 'float', possible loss of data
c:\visual studio\265-particles\ParticleSystem2.h(75): warning C4244: 'initializing': conversion from 'int' to 'float', possible loss of data
c:\visual studio\265-particles\ParticleSystem2.h(76): warning C4244: 'initializing': conversion from 'int' to 'float', possible loss of data
c:\visual studio\265-particles\ParticleSystem2.h(80): warning C4244: 'initializing': conversion from 'int' to 'float', possible loss of data
c:\visual studio\265-particles\ParticleSystem2.h(94): warning C4244: 'initializing': conversion from 'double' to 'float', possible loss of data
c:\visual studio\265-particles\ParticleSystem2.h(95): warning C4244: '=': conversion from 'int' to 'float', possible loss of data
c:\visual studio\265-particles\ParticleSystem2.h(96): warning C4244: '=': conversion from 'int' to 'float', possible loss of data
c:\visual studio\265-particles\ParticleSystem2.h(101): warning C4244: '=': conversion from 'int' to 'float', possible loss of data
c:\visual studio\265-particles\ParticleSystem2.h(107): warning C4244: 'initializing': conversion from 'double' to 'float', possible loss of data
c:\visual studio\265-particles\ParticleSystem2.h(108): warning C4244: '=': conversion from 'int' to 'float', possible loss of data
c:\visual studio\265-particles\ParticleSystem2.h(109): warning C4244: '=': conversion from 'int' to 'float', possible loss of data
Source.cpp(9): warning C4244: 'argument': conversion from 'double' to 'float', possible loss of data
Source.cpp(10): warning C4244: 'argument': conversion from 'double' to 'float', possible loss of data
  Generating code
  1 of 307 functions ( 0.3%) were compiled, the rest were copied from previous compilation.
    0 functions were new in current compilation
    0 functions had inline decision re-evaluated but remain unchanged
  Finished generating code
  265-Particles.vcxproj -> C:\Visual Studio\265-Particles\Release\265-Particles.exe
  265-Particles.vcxproj -> C:\Visual Studio\265-Particles\Release\265-Particles.pdb (Full PDB)
